--- Copying files at Fri 25 Jun 2021 03:07:40 AM UTC
--- Copying files at Fri 25 Jun 2021 01:42:15 PM UTC
--- Copying files at Fri 25 Jun 2021 01:42:47 PM UTC
--- Copying files at Mon 28 Jun 2021 03:50:12 PM UTC
--- Copying files at Tue 29 Jun 2021 07:56:01 PM UTC
--- Copying files at Tue 29 Jun 2021 08:07:19 PM UTC
--- Copying files at Tue 29 Jun 2021 08:11:22 PM UTC
--- Copying files at Wed 30 Jun 2021 01:01:56 PM UTC
--- Copying files at Wed 30 Jun 2021 02:03:41 PM UTC
--- Copying files at Wed 30 Jun 2021 02:06:13 PM UTC
--- Copying files at Wed 30 Jun 2021 11:47:22 PM UTC
--- Copying files at Wed 30 Jun 2021 11:52:42 PM UTC
--- Copying files at Wed 30 Jun 2021 11:56:37 PM UTC
--- Copying files at Wed 30 Jun 2021 11:59:09 PM UTC
--- Copying files at Thu 01 Jul 2021 12:26:29 AM UTC
--- Copying files at Thu 01 Jul 2021 12:34:43 AM UTC
--- Copying files at Thu 01 Jul 2021 12:41:00 AM UTC
--- Copying files at Thu 01 Jul 2021 12:46:34 AM UTC
--- Copying files at Thu 01 Jul 2021 12:56:44 AM UTC
--- Copying files at Thu 01 Jul 2021 01:05:54 AM UTC
--- Copying files at Thu 01 Jul 2021 01:12:02 AM UTC
--- Copying files at Thu 01 Jul 2021 01:19:11 AM UTC
--- Copying files at Thu 01 Jul 2021 01:38:49 AM UTC
--- Copying files at Thu 01 Jul 2021 01:42:07 AM UTC
--- Copying files at Thu 01 Jul 2021 01:44:03 AM UTC
--- Copying files at Thu 01 Jul 2021 01:53:49 AM UTC
--- Copying files at Thu 01 Jul 2021 01:54:30 AM UTC
--- Copying files at Thu 01 Jul 2021 02:13:10 AM UTC
--- Copying files at Thu 01 Jul 2021 12:09:20 PM UTC
--- Copying files at Thu 01 Jul 2021 12:19:12 PM UTC
--- Copying files at Fri 02 Jul 2021 05:54:53 PM UTC
